<?xml version="1.0" encoding="UTF-8"?>
<!-- Generated by org.testng.reporters.JUnitReportReporter -->
<testsuite hostname="DESKTOP-7AROHI4" failures="0" tests="1" name="baseclass.Baseclass" time="3.402" errors="0" timestamp="2023-12-19T16:43:16 IST" skipped="0">
  <testcase classname="baseclass.Baseclass" name="login" time="3.402"/>
  <system-out/>
</testsuite> <!-- baseclass.Baseclass -->
