<?xml version="1.0" encoding="UTF-8"?>
<!-- Generated by org.testng.reporters.JUnitReportReporter -->
<testsuite hostname="DESKTOP-7AROHI4" failures="0" tests="2" name="auditapiverify.BearerToken" time="4.280" errors="0" timestamp="2023-12-19T16:43:16 IST" skipped="0">
  <testcase classname="auditapiverify.BearerToken" name="generateToken" time="2.936"/>
  <system-out/>
  <testcase classname="auditapiverify.BearerToken" name="addjournalnote" time="1.344"/>
  <system-out/>
</testsuite> <!-- auditapiverify.BearerToken -->
