<?xml version="1.0" encoding="UTF-8"?>
<!-- Generated by org.testng.reporters.JUnitReportReporter -->
<testsuite hostname="DESKTOP-7AROHI4" failures="0" tests="1" name="baseclass.BearerToken" time="3.177" errors="0" timestamp="2024-01-31T17:22:00 IST" skipped="0">
  <testcase classname="baseclass.BearerToken" name="generateToken" time="3.177"/>
  <system-out/>
</testsuite> <!-- baseclass.BearerToken -->
