<?xml version="1.0" encoding="UTF-8"?>
<!-- Generated by org.testng.reporters.JUnitReportReporter -->
<testsuite hostname="DESKTOP-7AROHI4" failures="0" tests="1" name="workpulseapi.AddDeskTicket" time="7.026" errors="0" timestamp="2024-02-13T19:40:21 IST" skipped="0">
  <testcase classname="workpulseapi.AddDeskTicket" name="addnetworkdeskticket" time="7.026"/>
</testsuite> <!-- workpulseapi.AddDeskTicket -->
