<?xml version="1.0" encoding="UTF-8"?>
<!-- Generated by org.testng.reporters.JUnitReportReporter -->
<testsuite hostname="DESKTOP-7AROHI4" failures="0" tests="1" name="workpulseapi.AddBookTask" time="6.159" errors="0" timestamp="2024-02-14T12:04:22 IST" skipped="0">
  <testcase classname="workpulseapi.AddBookTask" name="addjournalnote" time="6.159"/>
</testsuite> <!-- workpulseapi.AddBookTask -->
